TN:
SF:src\index.js
FN:5,compareTwoFile
FN:27,gendiff
FNF:2
FNH:1
FNDA:2,compareTwoFile
FNDA:0,gendiff
DA:1,1
DA:2,1
DA:3,1
DA:4,1
DA:5,1
DA:6,2
DA:7,2
DA:8,2
DA:9,2
DA:10,2
DA:11,2
DA:12,2
DA:13,2
DA:14,2
DA:15,5
DA:16,5
DA:17,1
DA:18,5
DA:19,4
DA:20,2
DA:21,2
DA:22,1
DA:23,1
DA:24,1
DA:25,2
DA:26,1
DA:27,1
DA:28,0
DA:29,0
DA:30,0
DA:31,0
DA:32,0
DA:33,0
DA:34,0
DA:35,0
DA:36,0
DA:37,0
DA:38,0
DA:39,0
DA:40,0
DA:41,0
DA:42,0
DA:43,0
DA:44,0
DA:45,0
DA:46,0
DA:47,1
DA:48,1
DA:49,1
DA:50,1
DA:51,1
DA:52,1
DA:53,1
LF:53
LH:34
BRDA:1,0,0,1
BRDA:5,1,0,2
BRDA:14,2,0,5
BRDA:16,3,0,1
BRDA:18,4,0,4
BRDA:19,5,0,2
BRDA:22,6,0,1
BRF:7
BRH:7
end_of_record
